# JRE version: Java(TM) SE Runtime Environment (7.0_40-b43) (build 1.7.0_40-b43)
# Java VM: Java HotSpot(TM) Client VM (24.0-b56 mixed mode windows-x86 )
Heap
 def new generation   total 4992K, used 1579K [0x03ba0000, 0x04100000, 0x090f0000)
  eden space 4480K,  35% used [0x03ba0000, 0x03d29f80, 0x04000000)
  from space 512K,   0% used [0x04000000, 0x04000fc8, 0x04080000)
  to   space 512K,   0% used [0x04080000, 0x04080000, 0x04100000)
 tenured generation   total 10944K, used 8926K [0x090f0000, 0x09ba0000, 0x13ba0000)
   the space 10944K,  81% used [0x090f0000, 0x099a7888, 0x099a7a00, 0x09ba0000)
 compacting perm gen  total 12288K, used 6799K [0x13ba0000, 0x147a0000, 0x17ba0000)
   the space 12288K,  55% used [0x13ba0000, 0x14243fa0, 0x14244000, 0x147a0000)
GC Heap History (10 events):
Event: 44640.068 GC heap before
{Heap before GC invocations=3398 (full 1):
 def new generation   total 4992K, used 4480K [0x03ba0000, 0x04100000, 0x090f0000)
  eden space 4480K, 100% used [0x03ba0000, 0x04000000, 0x04000000)
  from space 512K,   0% used [0x04080000, 0x04080368, 0x04100000)
  to   space 512K,   0% used [0x04000000, 0x04000000, 0x04080000)
 tenured generation   total 10944K, used 8926K [0x090f0000, 0x09ba0000, 0x13ba0000)
   the space 10944K,  81% used [0x090f0000, 0x099a7888, 0x099a7a00, 0x09ba0000)
 compacting perm gen  total 12288K, used 6799K [0x13ba0000, 0x147a0000, 0x17ba0000)
   the space 12288K,  55% used [0x13ba0000, 0x14243fa0, 0x14244000, 0x147a0000)
No shared spaces configured.
Event: 44640.069 GC heap after
Heap after GC invocations=3399 (full 1):
 def new generation   total 4992K, used 0K [0x03ba0000, 0x04100000, 0x090f0000)
  eden space 4480K,   0% used [0x03ba0000, 0x03ba0000, 0x04000000)
  from space 512K,   0% used [0x04000000, 0x04000110, 0x04080000)
  to   space 512K,   0% used [0x04080000, 0x04080000, 0x04100000)
 tenured generation   total 10944K, used 8926K [0x090f0000, 0x09ba0000, 0x13ba0000)
   the space 10944K,  81% used [0x090f0000, 0x099a7888, 0x099a7a00, 0x09ba0000)
 compacting perm gen  total 12288K, used 6799K [0x13ba0000, 0x147a0000, 0x17ba0000)
   the space 12288K,  55% used [0x13ba0000, 0x14243fa0, 0x14244000, 0x147a0000)
No shared spaces configured.
}
Event: 44652.994 GC heap before
{Heap before GC invocations=3399 (full 1):
 def new generation   total 4992K, used 4480K [0x03ba0000, 0x04100000, 0x090f0000)
  eden space 4480K, 100% used [0x03ba0000, 0x04000000, 0x04000000)
  from space 512K,   0% used [0x04000000, 0x04000110, 0x04080000)
  to   space 512K,   0% used [0x04080000, 0x04080000, 0x04100000)
 tenured generation   total 10944K, used 8926K [0x090f0000, 0x09ba0000, 0x13ba0000)
   the space 10944K,  81% used [0x090f0000, 0x099a7888, 0x099a7a00, 0x09ba0000)
 compacting perm gen  total 12288K, used 6799K [0x13ba0000, 0x147a0000, 0x17ba0000)
   the space 12288K,  55% used [0x13ba0000, 0x14243fa0, 0x14244000, 0x147a0000)
No shared spaces configured.
Event: 44652.995 GC heap after
Heap after GC invocations=3400 (full 1):
 def new generation   total 4992K, used 0K [0x03ba0000, 0x04100000, 0x090f0000)
  eden space 4480K,   0% used [0x03ba0000, 0x03ba0000, 0x04000000)
  from space 512K,   0% used [0x04080000, 0x04080368, 0x04100000)
  to   space 512K,   0% used [0x04000000, 0x04000000, 0x04080000)
 tenured generation   total 10944K, used 8926K [0x090f0000, 0x09ba0000, 0x13ba0000)
   the space 10944K,  81% used [0x090f0000, 0x099a7888, 0x099a7a00, 0x09ba0000)
 compacting perm gen  total 12288K, used 6799K [0x13ba0000, 0x147a0000, 0x17ba0000)
   the space 12288K,  55% used [0x13ba0000, 0x14243fa0, 0x14244000, 0x147a0000)
No shared spaces configured.
}
Event: 44665.944 GC heap before
{Heap before GC invocations=3400 (full 1):
 def new generation   total 4992K, used 4481K [0x03ba0000, 0x04100000, 0x090f0000)
  eden space 4480K, 100% used [0x03ba0000, 0x04000000, 0x04000000)
  from space 512K,   0% used [0x04080000, 0x04080468, 0x04100000)
  to   space 512K,   0% used [0x04000000, 0x04000000, 0x04080000)
 tenured generation   total 10944K, used 8926K [0x090f0000, 0x09ba0000, 0x13ba0000)
   the space 10944K,  81% used [0x090f0000, 0x099a7888, 0x099a7a00, 0x09ba0000)
 compacting perm gen  total 12288K, used 6799K [0x13ba0000, 0x147a0000, 0x17ba0000)
   the space 12288K,  55% used [0x13ba0000, 0x14243fa0, 0x14244000, 0x147a0000)
No shared spaces configured.
Event: 44665.945 GC heap after
Heap after GC invocations=3401 (full 1):
 def new generation   total 4992K, used 0K [0x03ba0000, 0x04100000, 0x090f0000)
  eden space 4480K,   0% used [0x03ba0000, 0x03ba0000, 0x04000000)
  from space 512K,   0% used [0x04000000, 0x04000118, 0x04080000)
  to   space 512K,   0% used [0x04080000, 0x04080000, 0x04100000)
 tenured generation   total 10944K, used 8926K [0x090f0000, 0x09ba0000, 0x13ba0000)
   the space 10944K,  81% used [0x090f0000, 0x099a7888, 0x099a7a00, 0x09ba0000)
 compacting perm gen  total 12288K, used 6799K [0x13ba0000, 0x147a0000, 0x17ba0000)
   the space 12288K,  55% used [0x13ba0000, 0x14243fa0, 0x14244000, 0x147a0000)
No shared spaces configured.
}
Event: 44678.872 GC heap before
{Heap before GC invocations=3401 (full 1):
 def new generation   total 4992K, used 4480K [0x03ba0000, 0x04100000, 0x090f0000)
  eden space 4480K, 100% used [0x03ba0000, 0x04000000, 0x04000000)
  from space 512K,   0% used [0x04000000, 0x04000118, 0x04080000)
  to   space 512K,   0% used [0x04080000, 0x04080000, 0x04100000)
 tenured generation   total 10944K, used 8926K [0x090f0000, 0x09ba0000, 0x13ba0000)
   the space 10944K,  81% used [0x090f0000, 0x099a7888, 0x099a7a00, 0x09ba0000)
 compacting perm gen  total 12288K, used 6799K [0x13ba0000, 0x147a0000, 0x17ba0000)
   the space 12288K,  55% used [0x13ba0000, 0x14243fa0, 0x14244000, 0x147a0000)
No shared spaces configured.
Event: 44678.873 GC heap after
Heap after GC invocations=3402 (full 1):
 def new generation   total 4992K, used 0K [0x03ba0000, 0x04100000, 0x090f0000)
  eden space 4480K,   0% used [0x03ba0000, 0x03ba0000, 0x04000000)
  from space 512K,   0% used [0x04080000, 0x04080378, 0x04100000)
  to   space 512K,   0% used [0x04000000, 0x04000000, 0x04080000)
 tenured generation   total 10944K, used 8926K [0x090f0000, 0x09ba0000, 0x13ba0000)
   the space 10944K,  81% used [0x090f0000, 0x099a7888, 0x099a7a00, 0x09ba0000)
 compacting perm gen  total 12288K, used 6799K [0x13ba0000, 0x147a0000, 0x17ba0000)
   the space 12288K,  55% used [0x13ba0000, 0x14243fa0, 0x14244000, 0x147a0000)
No shared spaces configured.
}
Event: 44713.144 GC heap before
{Heap before GC invocations=3402 (full 1):
 def new generation   total 4992K, used 4480K [0x03ba0000, 0x04100000, 0x090f0000)
  eden space 4480K, 100% used [0x03ba0000, 0x04000000, 0x04000000)
  from space 512K,   0% used [0x04080000, 0x04080378, 0x04100000)
  to   space 512K,   0% used [0x04000000, 0x04000000, 0x04080000)
 tenured generation   total 10944K, used 8926K [0x090f0000, 0x09ba0000, 0x13ba0000)
   the space 10944K,  81% used [0x090f0000, 0x099a7888, 0x099a7a00, 0x09ba0000)
 compacting perm gen  total 12288K, used 6799K [0x13ba0000, 0x147a0000, 0x17ba0000)
   the space 12288K,  55% used [0x13ba0000, 0x14243fa0, 0x14244000, 0x147a0000)
No shared spaces configured.
Event: 44713.439 GC heap after
Heap after GC invocations=3403 (full 1):
 def new generation   total 4992K, used 3K [0x03ba0000, 0x04100000, 0x090f0000)
  eden space 4480K,   0% used [0x03ba0000, 0x03ba0000, 0x04000000)
  from space 512K,   0% used [0x04000000, 0x04000fc8, 0x04080000)
  to   space 512K,   0% used [0x04080000, 0x04080000, 0x04100000)
 tenured generation   total 10944K, used 8926K [0x090f0000, 0x09ba0000, 0x13ba0000)
   the space 10944K,  81% used [0x090f0000, 0x099a7888, 0x099a7a00, 0x09ba0000)
 compacting perm gen  total 12288K, used 6799K [0x13ba0000, 0x147a0000, 0x17ba0000)
   the space 12288K,  55% used [0x13ba0000, 0x14243fa0, 0x14244000, 0x147a0000)
No shared spaces configured.
}

